<?xml version="1.0" encoding="UTF-8"?>
<testng-results skipped="0" failed="0" ignored="0" total="1" passed="1">
  <reporter-output>
  </reporter-output>
  <suite name="Default suite" duration-ms="5310" started-at="2020-05-07T22:31:35 IST" finished-at="2020-05-07T22:31:40 IST">
    <groups>
    </groups>
    <test name="Default test" duration-ms="5310" started-at="2020-05-07T22:31:35 IST" finished-at="2020-05-07T22:31:40 IST">
      <class name="com.rest.SpecBuilderTest">
        <test-method status="PASS" signature="serialtest()[pri:0, instance:com.rest.SpecBuilderTest@631330c]" name="serialtest" duration-ms="5209" started-at="2020-05-07T22:31:35 IST" finished-at="2020-05-07T22:31:40 IST">
          <reporter-output>
          </reporter-output>
        </test-method> <!-- serialtest -->
      </class> <!-- com.rest.SpecBuilderTest -->
    </test> <!-- Default test -->
  </suite> <!-- Default suite -->
</testng-results>
